#
# An unexpected error has occurred (6)
#
Stack:
/lib/x86_64-linux-gnu/libc.so.6(+0x43090) [0x7f81c2144090]
/lib/x86_64-linux-gnu/libc.so.6(gsignal+0xcb) [0x7f81c214400b]
/lib/x86_64-linux-gnu/libc.so.6(abort+0x12b) [0x7f81c2123859]
/tools/Xilinx/Vivado/2022.1/lib/lnx64.o/Ubuntu/20/libstdc++.so.6(+0x9e911) [0x7f81c25bf911]
/tools/Xilinx/Vivado/2022.1/lib/lnx64.o/Ubuntu/20/libstdc++.so.6(+0xaa38c) [0x7f81c25cb38c]
/tools/Xilinx/Vivado/2022.1/lib/lnx64.o/Ubuntu/20/libstdc++.so.6(+0xaa3f7) [0x7f81c25cb3f7]
/tools/Xilinx/Vivado/2022.1/lib/lnx64.o/Ubuntu/20/libstdc++.so.6(+0xab155) [0x7f81c25cc155]
/tools/Xilinx/Vivado/2022.1/lib/lnx64.o/librdi_wavedata.so(+0x351b7e) [0x7f8179294b7e]
/tools/Xilinx/Vivado/2022.1/lib/lnx64.o/librdi_wavedata.so(SG_Model::WaveformRender::render(SG_Model::WVDataObject const&)+0x84) [0x7f817929f7a4]
/tools/Xilinx/Vivado/2022.1/lib/lnx64.o/librdi_wavedata.so(WaveViewer::WVWaveformPanel::WaveformTraverser::drawWaveform(SG_Model::WVDataObject const*, int, int)+0x38e) [0x7f817931a10e]
/tools/Xilinx/Vivado/2022.1/lib/lnx64.o/librdi_wavedata.so(WaveViewer::WVWaveformPanel::WaveformTraverser::handleItemSize(WaveViewer::WVTreeWVObjectModel::ITraverseHandler::TraverseItem const&)+0x52) [0x7f817931a3e2]
/tools/Xilinx/Vivado/2022.1/lib/lnx64.o/librdi_wavedata.so(WaveViewer::WVTreeWVObjectModel::traverseYRange(SG_Model::WVDataObject const*, WaveViewer::WVTreeWVObjectModel::ITraverseHandler&, int, int, int&, int&) const+0x234) [0x7f81792fdbc4]
/tools/Xilinx/Vivado/2022.1/lib/lnx64.o/librdi_wavedata.so(WaveViewer::WVTreeWVObjectModel::traverseYRange(SG_Model::WVDataObject const*, WaveViewer::WVTreeWVObjectModel::ITraverseHandler&, int, int, int&, int&) const+0x2be) [0x7f81792fdc4e]
/tools/Xilinx/Vivado/2022.1/lib/lnx64.o/librdi_wavedata.so(WaveViewer::WVTreeWVObjectModel::traverseYRange(WaveViewer::WVTreeWVObjectModel::ITraverseHandler&, int, int) const+0x57) [0x7f81792fdd87]
/tools/Xilinx/Vivado/2022.1/lib/lnx64.o/librdi_wavedata.so(WaveViewer::WVWaveformPanel::getGraphics(HDGDStringStream&, long&)+0x3a9) [0x7f8179319709]
/tools/Xilinx/Vivado/2022.1/lib/lnx64.o/librdi_wavedata.so(WVExecutiveImp::getGraphicsDataSize()+0x9a) [0x7f81792d603a]
/tools/Xilinx/Vivado/2022.1/lib/lnx64.o/librdi_wavedata.so(WVExecutive::getGraphicsDataSize()+0xf) [0x7f81792d64df]
/tools/Xilinx/Vivado/2022.1/lib/lnx64.o/librdi_wavedata.so(Java_ui_views_waveform_waveformi_WVExecutive_1getGraphicsDataSize+0x17) [0x7f8179321f87]
[0x7f8159b4ee84]
